public@es0
private@es0
public@es1
private@es1
Private@es0
Private@es1
cacti
topsecret
watch
pr1vat3
ntopia
ourCommStr
public/RO
write
writeit
watchit
<removed>
SNMPv1/v2c
SNMPv2c
traffic
mrtg
nagios
monitor
notsopublic
host
hideit
liteon
solarwinds
public
private
0
0392a0
1234
2read
4changes
ANYCOM
Admin
C0de
CISCO
CR52401
IBM
ILMI
Intermec
NoGaH$@!
OrigEquipMfr
PRIVATE
PUBLIC
Private
Public
SECRET
SECURITY
SNMP
SNMP_trap
SUN
SWITCH
SYSTEM
Secret
Security
Switch
System
TENmanUFactOryPOWER
TEST
access
adm
admin
agent
agent_steal
all
all private
all public
apc
bintec
blue
c
cable-d
canon_admin
cc
cisco
community
core
debug
default
dilbert
enable
field
field-service
freekevin
fubar
guest
hello
hp_admin
ibm
ilmi
intermec
internal
l2
l3
manager
mngt
monitor
netman
network
none
openview
pass
password
pr1v4t3
proxy
publ1c
read
read-only
read-write
readwrite
red
regional
rmon
rmon_admin
ro
root
router
rw
rwa
san-fran
sanfran
scotty
secret
security
seri
snmp
snmpd
snmptrap
solaris
sun
superuser
switch
system
tech
test
test2
tiv0li
tivoli
trap
world
write
xyzzy
yellow
